#
# There is insufficient memory for the Java Runtime Environment to continue.
# Native memory allocation (mmap) failed to map 65536 bytes for committing reserved memory.
# Possible reasons:
#   The system is out of physical RAM or swap space
#   The process is running with CompressedOops enabled, and the Java Heap may be blocking the growth of the native heap
# Possible solutions:
#   Reduce memory load on the system
#   Increase physical memory or swap space
#   Check if swap backing store is full
#   Decrease Java heap size (-Xmx/-Xms)
#   Decrease number of Java threads
#   Decrease Java thread stack sizes (-Xss)
#   Set larger code cache with -XX:ReservedCodeCacheSize=
#   JVM is running with Unscaled Compressed Oops mode in which the Java heap is
#     placed in the first 4GB address space. The Java Heap base address is the
#     maximum limit for the native heap growth. Please use -XX:HeapBaseMinAddress
#     to set the Java Heap base and to place the Java Heap above 4GB virtual address.
# This output file may be truncated or incomplete.
#
#  Out of Memory Error (os_linux.cpp:2757), pid=4983, tid=0x00007f2e7ea40700
#
# JRE version: OpenJDK Runtime Environment (8.0_222-b10) (build 1.8.0_222-8u222-b10-1~deb9u1-b10)
# Java VM: OpenJDK 64-Bit Server VM (25.222-b10 mixed mode linux-amd64 compressed oops)
# Failed to write core dump. Core dumps have been disabled. To enable core dumping, try "ulimit -c unlimited" before starting Java again
#

---------------  T H R E A D  ---------------

Current thread (0x00007f2e900b9000):  JavaThread "C2 CompilerThread0" daemon [_thread_in_vm, id=5003, stack(0x00007f2e7e941000,0x00007f2e7ea41000)]

Stack: [0x00007f2e7e941000,0x00007f2e7ea41000],  sp=0x00007f2e7ea3dd80,  free space=1011k
Native frames: (J=compiled Java code, j=interpreted, Vv=VM code, C=native code)
V  [libjvm.so+0xa7c530]
V  [libjvm.so+0x4cbb3c]
V  [libjvm.so+0x8cb238]
V  [libjvm.so+0x8c253e]
V  [libjvm.so+0xa78f34]
V  [libjvm.so+0x5ec11d]
V  [libjvm.so+0x44a696]
V  [libjvm.so+0x89801b]
V  [libjvm.so+0x3e0962]
V  [libjvm.so+0x46e736]
V  [libjvm.so+0x3ba7f3]
V  [libjvm.so+0x4799c3]
V  [libjvm.so+0x47b926]
V  [libjvm.so+0xa21c6b]
V  [libjvm.so+0xa22050]
V  [libjvm.so+0x8c8622]
C  [libpthread.so.0+0x74a4]  start_thread+0xc4


Current CompileTask:
C2:   4201 1492       4       org.codehaus.plexus.util.xml.pull.MXParser::parseStartTag (1195 bytes)


---------------  P R O C E S S  ---------------

Java Threads: ( => current thread )
  0x00007f2e900c0800 JavaThread "Service Thread" daemon [_thread_blocked, id=5006, stack(0x00007f2e7e63d000,0x00007f2e7e73e000)]
  0x00007f2e900bd800 JavaThread "C1 CompilerThread2" daemon [_thread_blocked, id=5005, stack(0x00007f2e7e73f000,0x00007f2e7e83f000)]
  0x00007f2e900bc000 JavaThread "C2 CompilerThread1" daemon [_thread_in_vm, id=5004, stack(0x00007f2e7e840000,0x00007f2e7e940000)]
=>0x00007f2e900b9000 JavaThread "C2 CompilerThread0" daemon [_thread_in_vm, id=5003, stack(0x00007f2e7e941000,0x00007f2e7ea41000)]
  0x00007f2e900b7800 JavaThread "Signal Dispatcher" daemon [_thread_blocked, id=5002, stack(0x00007f2e7ea41000,0x00007f2e7eb42000)]
  0x00007f2e90084800 JavaThread "Finalizer" daemon [_thread_blocked, id=5001, stack(0x00007f2e7ee0d000,0x00007f2e7ef0e000)]
  0x00007f2e90082000 JavaThread "Reference Handler" daemon [_thread_blocked, id=5000, stack(0x00007f2e7ef0e000,0x00007f2e7f00f000)]
  0x00007f2e9000b000 JavaThread "main" [_thread_blocked, id=4994, stack(0x00007f2e99c99000,0x00007f2e99d99000)]

Other Threads:
  0x00007f2e90078800 VMThread [stack: 0x00007f2e7f010000,0x00007f2e7f110000] [id=4999]
  0x00007f2e900c3000 WatcherThread [stack: 0x00007f2e7e53d000,0x00007f2e7e63d000] [id=5007]

VM state:not at safepoint (normal execution)

VM Mutex/Monitor currently owned by a thread:  ([mutex/lock_event])
[0x00007f2e900067e0] CodeCache_lock - owner thread: 0x00007f2e900b9000
[0x00007f2e90007e60] Compile_lock - owner thread: 0x00007f2e900b9000
[0x00007f2e90007f60] MethodCompileQueue_lock - owner thread: 0x00007f2e900b9000

heap address: 0x00000000c2200000, size: 990 MB, Compressed Oops mode: 32-bit
Narrow klass base: 0x0000000000000000, Narrow klass shift: 3
Compressed class space size: 1073741824 Address: 0x0000000100000000

Heap:
 PSYoungGen      total 34304K, used 27113K [0x00000000eb600000, 0x00000000ef900000, 0x0000000100000000)
  eden space 31744K, 77% used [0x00000000eb600000,0x00000000ecdfe768,0x00000000ed500000)
  from space 2560K, 99% used [0x00000000ed500000,0x00000000ed77c030,0x00000000ed780000)
  to   space 2560K, 0% used [0x00000000ef680000,0x00000000ef680000,0x00000000ef900000)
 ParOldGen       total 42496K, used 4932K [0x00000000c2200000, 0x00000000c4b80000, 0x00000000eb600000)
  object space 42496K, 11% used [0x00000000c2200000,0x00000000c26d1018,0x00000000c4b80000)
 Metaspace       used 14521K, capacity 14732K, committed 14976K, reserved 1062912K
  class space    used 1760K, capacity 1849K, committed 1920K, reserved 1048576K

Card table byte_map: [0x00007f2e96185000,0x00007f2e96375000] byte_map_base: 0x00007f2e95b74000

Marking Bits: (ParMarkBitMap*) 0x00007f2e98f93560
 Begin Bits: [0x00007f2e7f110000, 0x00007f2e80088000)
 End Bits:   [0x00007f2e80088000, 0x00007f2e81000000)

Polling page: 0x00007f2e99dba000

CodeCache: size=245760Kb used=5217Kb max_used=5217Kb free=240542Kb
 bounds [0x00007f2e81000000, 0x00007f2e81520000, 0x00007f2e90000000]
 total_blobs=1878 nmethods=1536 adapters=253
 compilation: enabled

Compilation events (10 events):
Event: 2,859 Thread 0x00007f2e900bd800 nmethod 1539 0x00007f2e81515d90 code [0x00007f2e81515ee0, 0x00007f2e81515ff0]
Event: 2,859 Thread 0x00007f2e900bd800 1541       3       org.codehaus.plexus.configuration.DefaultPlexusConfiguration::<init> (36 bytes)
Event: 2,860 Thread 0x00007f2e900bd800 nmethod 1541 0x00007f2e81516050 code [0x00007f2e815161e0, 0x00007f2e81516530]
Event: 2,964 Thread 0x00007f2e900bd800 1543       3       java.util.regex.Matcher::match (109 bytes)
Event: 2,966 Thread 0x00007f2e900b9000 nmethod 1483 0x00007f2e81519310 code [0x00007f2e81519460, 0x00007f2e815194d8]
Event: 2,967 Thread 0x00007f2e900b9000 1492       4       org.codehaus.plexus.util.xml.pull.MXParser::parseStartTag (1195 bytes)
Event: 2,976 Thread 0x00007f2e900bd800 nmethod 1543 0x00007f2e81518c50 code [0x00007f2e81518de0, 0x00007f2e815191c8]
Event: 3,674 Thread 0x00007f2e900bd800 1544       3       com.google.common.collect.TransformedIterator::hasNext (10 bytes)
Event: 3,724 Thread 0x00007f2e900bd800 nmethod 1544 0x00007f2e81518810 code [0x00007f2e81518980, 0x00007f2e81518ba8]
Event: 3,726 Thread 0x00007f2e900bd800 1545       3       org.eclipse.sisu.inject.InjectorBindings::publishWildcardMatches (81 bytes)

GC Heap History (6 events):
Event: 1,014 GC heap before
{Heap before GC invocations=1 (full 0):
 PSYoungGen      total 18432K, used 15872K [0x00000000eb600000, 0x00000000eca80000, 0x0000000100000000)
  eden space 15872K, 100% used [0x00000000eb600000,0x00000000ec580000,0x00000000ec580000)
  from space 2560K, 0% used [0x00000000ec800000,0x00000000ec800000,0x00000000eca80000)
  to   space 2560K, 0% used [0x00000000ec580000,0x00000000ec580000,0x00000000ec800000)
 ParOldGen       total 42496K, used 0K [0x00000000c2200000, 0x00000000c4b80000, 0x00000000eb600000)
  object space 42496K, 0% used [0x00000000c2200000,0x00000000c2200000,0x00000000c4b80000)
 Metaspace       used 7009K, capacity 7208K, committed 7296K, reserved 1056768K
  class space    used 828K, capacity 892K, committed 896K, reserved 1048576K
Event: 1,026 GC heap after
Heap after GC invocations=1 (full 0):
 PSYoungGen      total 18432K, used 2543K [0x00000000eb600000, 0x00000000eda00000, 0x0000000100000000)
  eden space 15872K, 0% used [0x00000000eb600000,0x00000000eb600000,0x00000000ec580000)
  from space 2560K, 99% used [0x00000000ec580000,0x00000000ec7fbe38,0x00000000ec800000)
  to   space 2560K, 0% used [0x00000000ed780000,0x00000000ed780000,0x00000000eda00000)
 ParOldGen       total 42496K, used 1028K [0x00000000c2200000, 0x00000000c4b80000, 0x00000000eb600000)
  object space 42496K, 2% used [0x00000000c2200000,0x00000000c2301000,0x00000000c4b80000)
 Metaspace       used 7009K, capacity 7208K, committed 7296K, reserved 1056768K
  class space    used 828K, capacity 892K, committed 896K, reserved 1048576K
}
Event: 1,230 GC heap before
{Heap before GC invocations=2 (full 0):
 PSYoungGen      total 18432K, used 18415K [0x00000000eb600000, 0x00000000eda00000, 0x0000000100000000)
  eden space 15872K, 100% used [0x00000000eb600000,0x00000000ec580000,0x00000000ec580000)
  from space 2560K, 99% used [0x00000000ec580000,0x00000000ec7fbe38,0x00000000ec800000)
  to   space 2560K, 0% used [0x00000000ed780000,0x00000000ed780000,0x00000000eda00000)
 ParOldGen       total 42496K, used 1028K [0x00000000c2200000, 0x00000000c4b80000, 0x00000000eb600000)
  object space 42496K, 2% used [0x00000000c2200000,0x00000000c2301000,0x00000000c4b80000)
 Metaspace       used 7873K, capacity 8040K, committed 8192K, reserved 1056768K
  class space    used 960K, capacity 1020K, committed 1024K, reserved 1048576K
Event: 1,234 GC heap after
Heap after GC invocations=2 (full 0):
 PSYoungGen      total 34304K, used 2550K [0x00000000eb600000, 0x00000000eda00000, 0x0000000100000000)
  eden space 31744K, 0% used [0x00000000eb600000,0x00000000eb600000,0x00000000ed500000)
  from space 2560K, 99% used [0x00000000ed780000,0x00000000ed9fd8c0,0x00000000eda00000)
  to   space 2560K, 0% used [0x00000000ed500000,0x00000000ed500000,0x00000000ed780000)
 ParOldGen       total 42496K, used 1058K [0x00000000c2200000, 0x00000000c4b80000, 0x00000000eb600000)
  object space 42496K, 2% used [0x00000000c2200000,0x00000000c2308860,0x00000000c4b80000)
 Metaspace       used 7873K, capacity 8040K, committed 8192K, reserved 1056768K
  class space    used 960K, capacity 1020K, committed 1024K, reserved 1048576K
}
Event: 1,642 GC heap before
{Heap before GC invocations=3 (full 0):
 PSYoungGen      total 34304K, used 34294K [0x00000000eb600000, 0x00000000eda00000, 0x0000000100000000)
  eden space 31744K, 100% used [0x00000000eb600000,0x00000000ed500000,0x00000000ed500000)
  from space 2560K, 99% used [0x00000000ed780000,0x00000000ed9fd8c0,0x00000000eda00000)
  to   space 2560K, 0% used [0x00000000ed500000,0x00000000ed500000,0x00000000ed780000)
 ParOldGen       total 42496K, used 1058K [0x00000000c2200000, 0x00000000c4b80000, 0x00000000eb600000)
  object space 42496K, 2% used [0x00000000c2200000,0x00000000c2308860,0x00000000c4b80000)
 Metaspace       used 11223K, capacity 11426K, committed 11520K, reserved 1058816K
  class space    used 1380K, capacity 1482K, committed 1536K, reserved 1048576K
Event: 1,652 GC heap after
Heap after GC invocations=3 (full 0):
 PSYoungGen      total 34304K, used 2544K [0x00000000eb600000, 0x00000000ef900000, 0x0000000100000000)
  eden space 31744K, 0% used [0x00000000eb600000,0x00000000eb600000,0x00000000ed500000)
  from space 2560K, 99% used [0x00000000ed500000,0x00000000ed77c030,0x00000000ed780000)
  to   space 2560K, 0% used [0x00000000ef680000,0x00000000ef680000,0x00000000ef900000)
 ParOldGen       total 42496K, used 4932K [0x00000000c2200000, 0x00000000c4b80000, 0x00000000eb600000)
  object space 42496K, 11% used [0x00000000c2200000,0x00000000c26d1018,0x00000000c4b80000)
 Metaspace       used 11223K, capacity 11426K, committed 11520K, reserved 1058816K
  class space    used 1380K, capacity 1482K, committed 1536K, reserved 1048576K
}

Deoptimization events (6 events):
Event: 1,096 Thread 0x00007f2e9000b000 Uncommon trap: reason=unstable_if action=reinterpret pc=0x00007f2e81190e88 method=org.codehaus.plexus.util.xml.pull.MXParser.more()C @ 8
Event: 1,186 Thread 0x00007f2e9000b000 Uncommon trap: reason=range_check action=make_not_entrant pc=0x00007f2e8122c540 method=sun.reflect.generics.parser.SignatureParser.current()C @ 34
Event: 1,775 Thread 0x00007f2e9000b000 Uncommon trap: reason=unstable_if action=reinterpret pc=0x00007f2e81326d28 method=java.util.concurrent.ConcurrentHashMap.putVal(Ljava/lang/Object;Ljava/lang/Object;Z)Ljava/lang/Object; @ 206
Event: 2,799 Thread 0x00007f2e9000b000 Uncommon trap: reason=unstable_if action=reinterpret pc=0x00007f2e811cd55c method=sun.nio.cs.UTF_8$Decoder.decode([BII[C)I @ 30
Event: 2,802 Thread 0x00007f2e9000b000 Uncommon trap: reason=unstable_if action=reinterpret pc=0x00007f2e8127b718 method=sun.nio.cs.UTF_8$Decoder.decodeArrayLoop(Ljava/nio/ByteBuffer;Ljava/nio/CharBuffer;)Ljava/nio/charset/CoderResult; @ 84
Event: 2,844 Thread 0x00007f2e9000b000 Uncommon trap: reason=unstable_if action=reinterpret pc=0x00007f2e81291b04 method=org.codehaus.plexus.util.xml.pull.MXParser.nextImpl()I @ 555

Classes redefined (0 events):
No events

Internal exceptions (10 events):
Event: 1,271 Thread 0x00007f2e9000b000 Exception <a 'java/lang/ArrayIndexOutOfBoundsException'> (0x00000000eb9e71f0) thrown at [/build/openjdk-8-8u222-b10/src/hotspot/src/share/vm/runtime/sharedRuntime.cpp, line 605]
Event: 1,796 Thread 0x00007f2e9000b000 Exception <a 'java/lang/NoClassDefFoundError': com/google/inject/servlet/ServletModuleTargetVisitor> (0x00000000ebd0a338) thrown at [/build/openjdk-8-8u222-b10/src/hotspot/src/share/vm/classfile/systemDictionary.cpp, line 199]
Event: 1,796 Thread 0x00007f2e9000b000 Exception <a 'java/lang/NoClassDefFoundError'> (0x00000000ebd0a338) thrown at [/build/openjdk-8-8u222-b10/src/hotspot/src/share/vm/prims/jvm.cpp, line 1506]
Event: 1,796 Thread 0x00007f2e9000b000 Exception <a 'java/lang/NoClassDefFoundError': javax/annotation/Priority> (0x00000000ebd0f5e8) thrown at [/build/openjdk-8-8u222-b10/src/hotspot/src/share/vm/classfile/systemDictionary.cpp, line 199]
Event: 2,005 Thread 0x00007f2e9000b000 Exception <a 'java/lang/NullPointerException'> (0x00000000ec5d2370) thrown at [/build/openjdk-8-8u222-b10/src/hotspot/src/share/vm/interpreter/linkResolver.cpp, line 1185]
Event: 2,005 Thread 0x00007f2e9000b000 Exception <a 'java/lang/NullPointerException'> (0x00000000ec5d2588) thrown at [/build/openjdk-8-8u222-b10/src/hotspot/src/share/vm/interpreter/linkResolver.cpp, line 1185]
Event: 2,005 Thread 0x00007f2e9000b000 Exception <a 'java/lang/NullPointerException'> (0x00000000ec5d27a0) thrown at [/build/openjdk-8-8u222-b10/src/hotspot/src/share/vm/interpreter/linkResolver.cpp, line 1185]
Event: 2,006 Thread 0x00007f2e9000b000 Exception <a 'java/lang/NullPointerException'> (0x00000000ec5eb670) thrown at [/build/openjdk-8-8u222-b10/src/hotspot/src/share/vm/interpreter/linkResolver.cpp, line 1185]
Event: 2,006 Thread 0x00007f2e9000b000 Exception <a 'java/lang/NullPointerException'> (0x00000000ec5eb888) thrown at [/build/openjdk-8-8u222-b10/src/hotspot/src/share/vm/interpreter/linkResolver.cpp, line 1185]
Event: 2,006 Thread 0x00007f2e9000b000 Exception <a 'java/lang/NullPointerException'> (0x00000000ec5ebaa0) thrown at [/build/openjdk-8-8u222-b10/src/hotspot/src/share/vm/interpreter/linkResolver.cpp, line 1185]

Events (10 events):
Event: 3,683 loading class org/apache/maven/lifecycle/internal/DefaultLifecycleMappingDelegate
Event: 3,683 loading class org/apache/maven/lifecycle/internal/DefaultLifecycleMappingDelegate done
Event: 3,688 loading class org/apache/maven/lifecycle/internal/DefaultLifecycleMappingDelegate
Event: 3,688 loading class org/apache/maven/lifecycle/internal/DefaultLifecycleMappingDelegate done
Event: 3,688 loading class org/apache/maven/lifecycle/internal/DefaultLifecycleMappingDelegate
Event: 3,688 loading class org/apache/maven/lifecycle/internal/DefaultLifecycleMappingDelegate done
Event: 3,689 loading class org/apache/maven/plugin/BuildPluginManager
Event: 3,689 loading class org/apache/maven/plugin/BuildPluginManager done
Event: 3,692 loading class org/apache/maven/lifecycle/internal/CompoundProjectExecutionListener
Event: 3,692 loading class org/apache/maven/lifecycle/internal/CompoundProjectExecutionListener done


Dynamic libraries:
c2200000-c4b80000 rw-p 00000000 00:00 0 
c4b80000-eb600000 ---p 00000000 00:00 0 
eb600000-ef900000 rw-p 00000000 00:00 0 
ef900000-100000000 ---p 00000000 00:00 0 
100000000-1001e0000 rw-p 00000000 00:00 0 
1001e0000-140000000 ---p 00000000 00:00 0 
5605fd996000-5605fd997000 r-xp 00000000 08:01 133417                     /usr/lib/jvm/java-8-openjdk-amd64/jre/bin/java
5605fdb96000-5605fdb97000 r--p 00000000 08:01 133417                     /usr/lib/jvm/java-8-openjdk-amd64/jre/bin/java
5605fdb97000-5605fdb98000 rw-p 00001000 08:01 133417                     /usr/lib/jvm/java-8-openjdk-amd64/jre/bin/java
5605febb2000-5605febd3000 rw-p 00000000 00:00 0                          [heap]
7f2e40000000-7f2e40021000 rw-p 00000000 00:00 0 
7f2e40021000-7f2e44000000 ---p 00000000 00:00 0 
7f2e48000000-7f2e48598000 rw-p 00000000 00:00 0 
7f2e48598000-7f2e4c000000 ---p 00000000 00:00 0 
7f2e4c000000-7f2e4c021000 rw-p 00000000 00:00 0 
7f2e4c021000-7f2e50000000 ---p 00000000 00:00 0 
7f2e50000000-7f2e5062f000 rw-p 00000000 00:00 0 
7f2e5062f000-7f2e54000000 ---p 00000000 00:00 0 
7f2e54000000-7f2e56173000 rw-p 00000000 00:00 0 
7f2e56173000-7f2e58000000 ---p 00000000 00:00 0 
7f2e58000000-7f2e58021000 rw-p 00000000 00:00 0 
7f2e58021000-7f2e5c000000 ---p 00000000 00:00 0 
7f2e5c000000-7f2e5c021000 rw-p 00000000 00:00 0 
7f2e5c021000-7f2e60000000 ---p 00000000 00:00 0 
7f2e60000000-7f2e60021000 rw-p 00000000 00:00 0 
7f2e60021000-7f2e64000000 ---p 00000000 00:00 0 
7f2e64000000-7f2e64021000 rw-p 00000000 00:00 0 
7f2e64021000-7f2e68000000 ---p 00000000 00:00 0 
7f2e68000000-7f2e68021000 rw-p 00000000 00:00 0 
7f2e68021000-7f2e6c000000 ---p 00000000 00:00 0 
7f2e6c000000-7f2e6c021000 rw-p 00000000 00:00 0 
7f2e6c021000-7f2e70000000 ---p 00000000 00:00 0 
7f2e70000000-7f2e70021000 rw-p 00000000 00:00 0 
7f2e70021000-7f2e74000000 ---p 00000000 00:00 0 
7f2e78000000-7f2e78021000 rw-p 00000000 00:00 0 
7f2e78021000-7f2e7c000000 ---p 00000000 00:00 0 
7f2e7da0e000-7f2e7da33000 r--p 00000000 08:01 5099                       /usr/share/locale/pl/LC_MESSAGES/libc.mo
7f2e7da33000-7f2e7da44000 r-xp 00000000 08:01 425936                     /usr/lib/jvm/java-8-openjdk-amd64/jre/lib/amd64/libnio.so
7f2e7da44000-7f2e7dc43000 ---p 00011000 08:01 425936                     /usr/lib/jvm/java-8-openjdk-amd64/jre/lib/amd64/libnio.so
7f2e7dc43000-7f2e7dc44000 r--p 00010000 08:01 425936                     /usr/lib/jvm/java-8-openjdk-amd64/jre/lib/amd64/libnio.so
7f2e7dc44000-7f2e7dc45000 rw-p 00011000 08:01 425936                     /usr/lib/jvm/java-8-openjdk-amd64/jre/lib/amd64/libnio.so
7f2e7dc45000-7f2e7dc5c000 r-xp 00000000 08:01 425935                     /usr/lib/jvm/java-8-openjdk-amd64/jre/lib/amd64/libnet.so
7f2e7dc5c000-7f2e7de5b000 ---p 00017000 08:01 425935                     /usr/lib/jvm/java-8-openjdk-amd64/jre/lib/amd64/libnet.so
7f2e7de5b000-7f2e7de5c000 r--p 00016000 08:01 425935                     /usr/lib/jvm/java-8-openjdk-amd64/jre/lib/amd64/libnet.so
7f2e7de5c000-7f2e7de5d000 rw-p 00017000 08:01 425935                     /usr/lib/jvm/java-8-openjdk-amd64/jre/lib/amd64/libnet.so
7f2e7de5d000-7f2e7df1d000 rw-p 00000000 00:00 0 
7f2e7df1d000-7f2e7e05d000 ---p 00000000 00:00 0 
7f2e7e05d000-7f2e7e062000 r--s 000a3000 08:01 425975                     /usr/lib/jvm/java-8-openjdk-amd64/jre/lib/jsse.jar
7f2e7e062000-7f2e7e262000 rw-p 00000000 00:00 0 
7f2e7e262000-7f2e7e462000 rw-p 00000000 00:00 0 
7f2e7e462000-7f2e7e464000 r--s 0000d000 08:01 667799                     /opt/netbeans/java/maven-nblib/netbeans-eventspy.jar
7f2e7e464000-7f2e7e467000 r--s 00026000 08:01 553133                     /opt/netbeans/java/maven/lib/maven-model-3.3.9.jar
7f2e7e467000-7f2e7e468000 r--s 00006000 08:01 553139                     /opt/netbeans/java/maven/lib/maven-repository-metadata-3.3.9.jar
7f2e7e468000-7f2e7e469000 r--s 0000a000 08:01 553141                     /opt/netbeans/java/maven/lib/maven-settings-3.3.9.jar
7f2e7e469000-7f2e7e46a000 r--s 00001000 08:01 553119                     /opt/netbeans/java/maven/lib/jsr250-api-1.0.jar
7f2e7e46a000-7f2e7e46c000 r--s 00005000 08:01 553102                     /opt/netbeans/java/maven/lib/aether-transport-wagon-1.0.2.v20150114.jar
7f2e7e46c000-7f2e7e473000 r--s 00064000 08:01 553112                     /opt/netbeans/java/maven/lib/commons-lang3-3.4.jar
7f2e7e473000-7f2e7e475000 r--s 00009000 08:01 553142                     /opt/netbeans/java/maven/lib/maven-settings-builder-3.3.9.jar
7f2e7e475000-7f2e7e47a000 r--s 0001d000 08:01 553094                     /opt/netbeans/java/maven/lib/aether-api-1.0.2.v20150114.jar
7f2e7e47a000-7f2e7e487000 r--s 0008f000 08:01 553129                     /opt/netbeans/java/maven/lib/maven-core-3.3.9.jar
7f2e7e487000-7f2e7e489000 r--s 00002000 08:01 553149                     /opt/netbeans/java/maven/lib/plexus-cipher-1.7.jar
7f2e7e489000-7f2e7e48d000 r--s 00027000 08:01 553098                     /opt/netbeans/java/maven/lib/aether-impl-1.0.2.v20150114.jar
7f2e7e48d000-7f2e7e491000 r--s 00038000 08:01 553155                     /opt/netbeans/java/maven/lib/plexus-utils-3.0.22.jar
7f2e7e491000-7f2e7e4bf000 r--s 001fa000 08:01 553162                     /opt/netbeans/java/maven/lib/wagon-http-2.10-shaded.jar
7f2e7e4bf000-7f2e7e4c2000 r--s 00013000 08:01 553131                     /opt/netbeans/java/maven/lib/maven-embedder-3.3.9.jar
7f2e7e4c2000-7f2e7e4c4000 r--s 00009000 08:01 553109                     /opt/netbeans/java/maven/lib/commons-cli-1.2.jar
7f2e7e4c4000-7f2e7e4c5000 r--s 00000000 08:01 553116                     /opt/netbeans/java/maven/lib/javax.inject-1.jar
7f2e7e4c5000-7f2e7e4c6000 r--s 00003000 08:01 553125                     /opt/netbeans/java/maven/lib/maven-builder-support-3.3.9.jar
7f2e7e4c6000-7f2e7e4cb000 r--s 00041000 08:01 553111                     /opt/netbeans/java/maven/lib/commons-lang-2.6.jar
7f2e7e4cb000-7f2e7e4cd000 r--s 0000a000 08:01 553137                     /opt/netbeans/java/maven/lib/maven-plugin-api-3.3.9.jar
7f2e7e4cd000-7f2e7e4cf000 r--s 00005000 08:01 553156                     /opt/netbeans/java/maven/lib/slf4j-api-1.7.5.jar
7f2e7e4cf000-7f2e7e4d0000 r--s 00002000 08:01 553163                     /opt/netbeans/java/maven/lib/wagon-http-shared-2.10.jar
7f2e7e4d0000-7f2e7e4d1000 r--s 00008000 08:01 553096                     /opt/netbeans/java/maven/lib/aether-connector-basic-1.0.2.v20150114.jar
7f2e7e4d1000-7f2e7e4d7000 r--s 0002d000 08:01 553147                     /opt/netbeans/java/maven/lib/org.eclipse.sisu.plexus-0.3.2.jar
7f2e7e4d7000-7f2e7e4da000 r--s 00008000 08:01 553107                     /opt/netbeans/java/maven/lib/cdi-api-1.0.jar
7f2e7e4da000-7f2e7e4db000 r--s 00002000 08:01 553160                     /opt/netbeans/java/maven/lib/wagon-file-2.10.jar
7f2e7e4db000-7f2e7e4e1000 r--s 00042000 08:01 553117                     /opt/netbeans/java/maven/lib/jsoup-1.7.2.jar
7f2e7e4e1000-7f2e7e4e3000 r--s 00006000 08:01 553100                     /opt/netbeans/java/maven/lib/aether-spi-1.0.2.v20150114.jar
7f2e7e4e3000-7f2e7e4e4000 r--s 00002000 08:01 553158                     /opt/netbeans/java/maven/lib/slf4j-simple-1.7.5.jar
7f2e7e4e4000-7f2e7e4e6000 r--s 0000c000 08:01 553123                     /opt/netbeans/java/maven/lib/maven-artifact-3.3.9.jar
7f2e7e4e6000-7f2e7e4e8000 r--s 00000000 08:01 553151                     /opt/netbeans/java/maven/lib/plexus-component-annotations-1.6.jar
7f2e7e4e8000-7f2e7e4eb000 r--s 0000b000 08:01 553166                     /opt/netbeans/java/maven/lib/wagon-provider-api-2.10.jar
7f2e7e4eb000-7f2e7e4ee000 r--s 0000d000 08:01 553152                     /opt/netbeans/java/maven/lib/plexus-interpolation-1.21.jar
7f2e7e4ee000-7f2e7e4f4000 r--s 00041000 08:01 553127                     /opt/netbeans/java/maven/lib/maven-compat-3.3.9.jar
7f2e7e4f4000-7f2e7e4f9000 r--s 00027000 08:01 553134                     /opt/netbeans/java/maven/lib/maven-model-builder-3.3.9.jar
7f2e7e4f9000-7f2e7e4fb000 r--s 0000f000 08:01 553121                     /opt/netbeans/java/maven/lib/maven-aether-provider-3.3.9.jar
7f2e7e4fb000-7f2e7e503000 r--s 00055000 08:01 553145                     /opt/netbeans/java/maven/lib/org.eclipse.sisu.inject-0.3.2.jar
7f2e7e503000-7f2e7e507000 r--s 00027000 08:01 553110                     /opt/netbeans/java/maven/lib/commons-io-2.2.jar
7f2e7e507000-7f2e7e532000 r--s 001fc000 08:01 553114                     /opt/netbeans/java/maven/lib/guava-18.0.jar
7f2e7e532000-7f2e7e53b000 r--s 0005f000 08:01 553115                     /opt/netbeans/java/maven/lib/guice-4.0-no_aop.jar
7f2e7e53b000-7f2e7e53c000 r--s 00006000 08:01 553153                     /opt/netbeans/java/maven/lib/plexus-sec-dispatcher-1.3.jar
7f2e7e53c000-7f2e7e53d000 ---p 00000000 00:00 0 
7f2e7e53d000-7f2e7e63d000 rw-p 00000000 00:00 0 
7f2e7e63d000-7f2e7e640000 ---p 00000000 00:00 0 
7f2e7e640000-7f2e7e73e000 rw-p 00000000 00:00 0 
7f2e7e73e000-7f2e7e73f000 ---p 00000000 00:00 0 
7f2e7e73f000-7f2e7e742000 ---p 00000000 00:00 0 
7f2e7e742000-7f2e7e83f000 rw-p 00000000 00:00 0 
7f2e7e83f000-7f2e7e840000 ---p 00000000 00:00 0 
7f2e7e840000-7f2e7e843000 ---p 00000000 00:00 0 
7f2e7e843000-7f2e7e940000 rw-p 00000000 00:00 0 
7f2e7e940000-7f2e7e941000 ---p 00000000 00:00 0 
7f2e7e941000-7f2e7e944000 ---p 00000000 00:00 0 
7f2e7e944000-7f2e7ea41000 rw-p 00000000 00:00 0 
7f2e7ea41000-7f2e7ea44000 ---p 00000000 00:00 0 
7f2e7ea44000-7f2e7eb42000 rw-p 00000000 00:00 0 
7f2e7eb42000-7f2e7ee0d000 r--p 00000000 08:01 17450                      /usr/lib/locale/locale-archive
7f2e7ee0d000-7f2e7ee10000 ---p 00000000 00:00 0 
7f2e7ee10000-7f2e7ef0e000 rw-p 00000000 00:00 0 
7f2e7ef0e000-7f2e7ef11000 ---p 00000000 00:00 0 
7f2e7ef11000-7f2e7f00f000 rw-p 00000000 00:00 0 
7f2e7f00f000-7f2e7f010000 ---p 00000000 00:00 0 
7f2e7f010000-7f2e7f110000 rw-p 00000000 00:00 0 
7f2e7f110000-7f2e81000000 rw-p 00000000 00:00 0 
7f2e81000000-7f2e81520000 rwxp 00000000 00:00 0 
7f2e81529000-7f2e81530000 r--s 00000000 08:01 32701                      /usr/lib/x86_64-linux-gnu/gconv/gconv-modules.cache
7f2e81530000-7f2e90000000 ---p 00000000 00:00 0 
7f2e90000000-7f2e93af9000 rw-p 00000000 00:00 0 
7f2e93af9000-7f2e94000000 ---p 00000000 00:00 0 
7f2e94000000-7f2e94004000 r--s 00020000 08:01 553104                     /opt/netbeans/java/maven/lib/aether-util-1.0.2.v20150114.jar
7f2e94004000-7f2e94006000 r--s 00000000 08:01 553106                     /opt/netbeans/java/maven/lib/aopalliance-1.0.jar
7f2e94006000-7f2e94008000 r--s 0000b000 08:01 553090                     /opt/netbeans/java/maven/boot/plexus-classworlds-2.5.2.jar
7f2e94008000-7f2e9400b000 r--s 0000f000 08:01 425956                     /usr/lib/jvm/java-8-openjdk-amd64/jre/lib/ext/icedtea-sound.jar
7f2e9400b000-7f2e9400e000 r--s 00039000 08:01 425962                     /usr/lib/jvm/java-8-openjdk-amd64/jre/lib/ext/sunpkcs11.jar
7f2e9400e000-7f2e94018000 r--s 00116000 08:01 425958                     /usr/lib/jvm/java-8-openjdk-amd64/jre/lib/ext/localedata.jar
7f2e94018000-7f2e94033000 r--s 00394000 08:01 425954                     /usr/lib/jvm/java-8-openjdk-amd64/jre/lib/ext/cldrdata.jar
7f2e94033000-7f2e9404e000 r--s 001d6000 08:01 425959                     /usr/lib/jvm/java-8-openjdk-amd64/jre/lib/ext/nashorn.jar
7f2e9404e000-7f2e95002000 rw-p 00000000 00:00 0 
7f2e95002000-7f2e951d2000 r--s 03c5c000 08:01 425980                     /usr/lib/jvm/java-8-openjdk-amd64/jre/lib/rt.jar
7f2e951d2000-7f2e95248000 rw-p 00000000 00:00 0 
7f2e95248000-7f2e95c37000 rw-p 00000000 00:00 0 
7f2e95c37000-7f2e95c38000 ---p 00000000 00:00 0 
7f2e95c38000-7f2e95d38000 rw-p 00000000 00:00 0 
7f2e95d38000-7f2e95d39000 ---p 00000000 00:00 0 
7f2e95d39000-7f2e95e39000 rw-p 00000000 00:00 0 
7f2e95e39000-7f2e95e3a000 ---p 00000000 00:00 0 
7f2e95e3a000-7f2e95f3a000 rw-p 00000000 00:00 0 
7f2e95f3a000-7f2e95f3b000 ---p 00000000 00:00 0 
7f2e95f3b000-7f2e9603b000 rw-p 00000000 00:00 0 
7f2e9603b000-7f2e96050000 rw-p 00000000 00:00 0 
7f2e96050000-7f2e96185000 ---p 00000000 00:00 0 
7f2e96185000-7f2e9619a000 rw-p 00000000 00:00 0 
7f2e9619a000-7f2e962cf000 ---p 00000000 00:00 0 
7f2e962cf000-7f2e962f1000 rw-p 00000000 00:00 0 
7f2e962f1000-7f2e96374000 ---p 00000000 00:00 0 
7f2e96374000-7f2e9638a000 rw-p 00000000 00:00 0 
7f2e9638a000-7f2e96735000 ---p 00000000 00:00 0 
7f2e96735000-7f2e9673d000 r-xp 00000000 08:01 425943                     /usr/lib/jvm/java-8-openjdk-amd64/jre/lib/amd64/libzip.so
7f2e9673d000-7f2e9693c000 ---p 00008000 08:01 425943                     /usr/lib/jvm/java-8-openjdk-amd64/jre/lib/amd64/libzip.so
7f2e9693c000-7f2e9693d000 r--p 00007000 08:01 425943                     /usr/lib/jvm/java-8-openjdk-amd64/jre/lib/amd64/libzip.so
7f2e9693d000-7f2e9693e000 rw-p 00008000 08:01 425943                     /usr/lib/jvm/java-8-openjdk-amd64/jre/lib/amd64/libzip.so
7f2e9693e000-7f2e96948000 r-xp 00000000 08:01 297426                     /lib/x86_64-linux-gnu/libnss_files-2.24.so
7f2e96948000-7f2e96b48000 ---p 0000a000 08:01 297426                     /lib/x86_64-linux-gnu/libnss_files-2.24.so
7f2e96b48000-7f2e96b49000 r--p 0000a000 08:01 297426                     /lib/x86_64-linux-gnu/libnss_files-2.24.so
7f2e96b49000-7f2e96b4a000 rw-p 0000b000 08:01 297426                     /lib/x86_64-linux-gnu/libnss_files-2.24.so
7f2e96b4a000-7f2e96b50000 rw-p 00000000 00:00 0 
7f2e96b50000-7f2e96b5b000 r-xp 00000000 08:01 297489                     /lib/x86_64-linux-gnu/libnss_nis-2.24.so
7f2e96b5b000-7f2e96d5a000 ---p 0000b000 08:01 297489                     /lib/x86_64-linux-gnu/libnss_nis-2.24.so
7f2e96d5a000-7f2e96d5b000 r--p 0000a000 08:01 297489                     /lib/x86_64-linux-gnu/libnss_nis-2.24.so
7f2e96d5b000-7f2e96d5c000 rw-p 0000b000 08:01 297489                     /lib/x86_64-linux-gnu/libnss_nis-2.24.so
7f2e96d5c000-7f2e96d70000 r-xp 00000000 08:01 297186                     /lib/x86_64-linux-gnu/libnsl-2.24.so
7f2e96d70000-7f2e96f70000 ---p 00014000 08:01 297186                     /lib/x86_64-linux-gnu/libnsl-2.24.so
7f2e96f70000-7f2e96f71000 r--p 00014000 08:01 297186                     /lib/x86_64-linux-gnu/libnsl-2.24.so
7f2e96f71000-7f2e96f72000 rw-p 00015000 08:01 297186                     /lib/x86_64-linux-gnu/libnsl-2.24.so
7f2e96f72000-7f2e96f74000 rw-p 00000000 00:00 0 
7f2e96f74000-7f2e96f7b000 r-xp 00000000 08:01 297188                     /lib/x86_64-linux-gnu/libnss_compat-2.24.so
7f2e96f7b000-7f2e9717a000 ---p 00007000 08:01 297188                     /lib/x86_64-linux-gnu/libnss_compat-2.24.so
7f2e9717a000-7f2e9717b000 r--p 00006000 08:01 297188                     /lib/x86_64-linux-gnu/libnss_compat-2.24.so
7f2e9717b000-7f2e9717c000 rw-p 00007000 08:01 297188                     /lib/x86_64-linux-gnu/libnss_compat-2.24.so
7f2e9717c000-7f2e971a5000 r-xp 00000000 08:01 425924                     /usr/lib/jvm/java-8-openjdk-amd64/jre/lib/amd64/libjava.so
7f2e971a5000-7f2e973a4000 ---p 00029000 08:01 425924                     /usr/lib/jvm/java-8-openjdk-amd64/jre/lib/amd64/libjava.so
7f2e973a4000-7f2e973a5000 r--p 00028000 08:01 425924                     /usr/lib/jvm/java-8-openjdk-amd64/jre/lib/amd64/libjava.so
7f2e973a5000-7f2e973a7000 rw-p 00029000 08:01 425924                     /usr/lib/jvm/java-8-openjdk-amd64/jre/lib/amd64/libjava.so
7f2e973a7000-7f2e973b6000 r-xp 00000000 08:01 425942                     /usr/lib/jvm/java-8-openjdk-amd64/jre/lib/amd64/libverify.so
7f2e973b6000-7f2e975b5000 ---p 0000f000 08:01 425942                     /usr/lib/jvm/java-8-openjdk-amd64/jre/lib/amd64/libverify.so
7f2e975b5000-7f2e975b7000 r--p 0000e000 08:01 425942                     /usr/lib/jvm/java-8-openjdk-amd64/jre/lib/amd64/libverify.so
7f2e975b7000-7f2e975b8000 rw-p 00010000 08:01 425942                     /usr/lib/jvm/java-8-openjdk-amd64/jre/lib/amd64/libverify.so
7f2e975b8000-7f2e975bf000 r-xp 00000000 08:01 297495                     /lib/x86_64-linux-gnu/librt-2.24.so
7f2e975bf000-7f2e977be000 ---p 00007000 08:01 297495                     /lib/x86_64-linux-gnu/librt-2.24.so
7f2e977be000-7f2e977bf000 r--p 00006000 08:01 297495                     /lib/x86_64-linux-gnu/librt-2.24.so
7f2e977bf000-7f2e977c0000 rw-p 00007000 08:01 297495                     /lib/x86_64-linux-gnu/librt-2.24.so
7f2e977c0000-7f2e977d6000 r-xp 00000000 08:01 262630                     /lib/x86_64-linux-gnu/libgcc_s.so.1
7f2e977d6000-7f2e979d5000 ---p 00016000 08:01 262630                     /lib/x86_64-linux-gnu/libgcc_s.so.1
7f2e979d5000-7f2e979d6000 r--p 00015000 08:01 262630                     /lib/x86_64-linux-gnu/libgcc_s.so.1
7f2e979d6000-7f2e979d7000 rw-p 00016000 08:01 262630                     /lib/x86_64-linux-gnu/libgcc_s.so.1
7f2e979d7000-7f2e97ada000 r-xp 00000000 08:01 297183                     /lib/x86_64-linux-gnu/libm-2.24.so
7f2e97ada000-7f2e97cd9000 ---p 00103000 08:01 297183                     /lib/x86_64-linux-gnu/libm-2.24.so
7f2e97cd9000-7f2e97cda000 r--p 00102000 08:01 297183                     /lib/x86_64-linux-gnu/libm-2.24.so
7f2e97cda000-7f2e97cdb000 rw-p 00103000 08:01 297183                     /lib/x86_64-linux-gnu/libm-2.24.so
7f2e97cdb000-7f2e97e4d000 r-xp 00000000 08:01 17907                      /usr/lib/x86_64-linux-gnu/libstdc++.so.6.0.22
7f2e97e4d000-7f2e9804d000 ---p 00172000 08:01 17907                      /usr/lib/x86_64-linux-gnu/libstdc++.so.6.0.22
7f2e9804d000-7f2e98057000 r--p 00172000 08:01 17907                      /usr/lib/x86_64-linux-gnu/libstdc++.so.6.0.22
7f2e98057000-7f2e98059000 rw-p 0017c000 08:01 17907                      /usr/lib/x86_64-linux-gnu/libstdc++.so.6.0.22
7f2e98059000-7f2e9805d000 rw-p 00000000 00:00 0 
7f2e9805d000-7f2e98cc4000 r-xp 00000000 08:01 425945                     /usr/lib/jvm/java-8-openjdk-amd64/jre/lib/amd64/server/libjvm.so
7f2e98cc4000-7f2e98ec3000 ---p 00c67000 08:01 425945                     /usr/lib/jvm/java-8-openjdk-amd64/jre/lib/amd64/server/libjvm.so
7f2e98ec3000-7f2e98f57000 r--p 00c66000 08:01 425945                     /usr/lib/jvm/java-8-openjdk-amd64/jre/lib/amd64/server/libjvm.so
7f2e98f57000-7f2e98f80000 rw-p 00cfa000 08:01 425945                     /usr/lib/jvm/java-8-openjdk-amd64/jre/lib/amd64/server/libjvm.so
7f2e98f80000-7f2e98fb0000 rw-p 00000000 00:00 0 
7f2e98fb0000-7f2e99145000 r-xp 00000000 08:01 297176                     /lib/x86_64-linux-gnu/libc-2.24.so
7f2e99145000-7f2e99345000 ---p 00195000 08:01 297176                     /lib/x86_64-linux-gnu/libc-2.24.so
7f2e99345000-7f2e99349000 r--p 00195000 08:01 297176                     /lib/x86_64-linux-gnu/libc-2.24.so
7f2e99349000-7f2e9934b000 rw-p 00199000 08:01 297176                     /lib/x86_64-linux-gnu/libc-2.24.so
7f2e9934b000-7f2e9934f000 rw-p 00000000 00:00 0 
7f2e9934f000-7f2e99352000 r-xp 00000000 08:01 297179                     /lib/x86_64-linux-gnu/libdl-2.24.so
7f2e99352000-7f2e99551000 ---p 00003000 08:01 297179                     /lib/x86_64-linux-gnu/libdl-2.24.so
7f2e99551000-7f2e99552000 r--p 00002000 08:01 297179                     /lib/x86_64-linux-gnu/libdl-2.24.so
7f2e99552000-7f2e99553000 rw-p 00003000 08:01 297179                     /lib/x86_64-linux-gnu/libdl-2.24.so
7f2e99553000-7f2e99560000 r-xp 00000000 08:01 425910                     /usr/lib/jvm/java-8-openjdk-amd64/jre/lib/amd64/jli/libjli.so
7f2e99560000-7f2e9975f000 ---p 0000d000 08:01 425910                     /usr/lib/jvm/java-8-openjdk-amd64/jre/lib/amd64/jli/libjli.so
7f2e9975f000-7f2e99760000 r--p 0000c000 08:01 425910                     /usr/lib/jvm/java-8-openjdk-amd64/jre/lib/amd64/jli/libjli.so
7f2e99760000-7f2e99761000 rw-p 0000d000 08:01 425910                     /usr/lib/jvm/java-8-openjdk-amd64/jre/lib/amd64/jli/libjli.so
7f2e99761000-7f2e9977a000 r-xp 00000000 08:01 262385                     /lib/x86_64-linux-gnu/libz.so.1.2.8
7f2e9977a000-7f2e99979000 ---p 00019000 08:01 262385                     /lib/x86_64-linux-gnu/libz.so.1.2.8
7f2e99979000-7f2e9997a000 r--p 00018000 08:01 262385                     /lib/x86_64-linux-gnu/libz.so.1.2.8
7f2e9997a000-7f2e9997b000 rw-p 00019000 08:01 262385                     /lib/x86_64-linux-gnu/libz.so.1.2.8
7f2e9997b000-7f2e99993000 r-xp 00000000 08:01 297492                     /lib/x86_64-linux-gnu/libpthread-2.24.so
7f2e99993000-7f2e99b92000 ---p 00018000 08:01 297492                     /lib/x86_64-linux-gnu/libpthread-2.24.so
7f2e99b92000-7f2e99b93000 r--p 00017000 08:01 297492                     /lib/x86_64-linux-gnu/libpthread-2.24.so
7f2e99b93000-7f2e99b94000 rw-p 00018000 08:01 297492                     /lib/x86_64-linux-gnu/libpthread-2.24.so
7f2e99b94000-7f2e99b98000 rw-p 00000000 00:00 0 
7f2e99b98000-7f2e99bbb000 r-xp 00000000 08:01 297171                     /lib/x86_64-linux-gnu/ld-2.24.so
7f2e99bbb000-7f2e99bbd000 r--s 00001000 08:01 425955                     /usr/lib/jvm/java-8-openjdk-amd64/jre/lib/ext/dnsns.jar
7f2e99bbd000-7f2e99bbf000 r--s 00007000 08:01 137072                     /usr/share/java/java-atk-wrapper.jar
7f2e99bbf000-7f2e99bc0000 r--s 0000d000 08:01 425960                     /usr/lib/jvm/java-8-openjdk-amd64/jre/lib/ext/sunec.jar
7f2e99bc0000-7f2e99bc5000 r--s 0003c000 08:01 425961                     /usr/lib/jvm/java-8-openjdk-amd64/jre/lib/ext/sunjce_provider.jar
7f2e99bc5000-7f2e99bc6000 r--s 00010000 08:01 425963                     /usr/lib/jvm/java-8-openjdk-amd64/jre/lib/ext/zipfs.jar
7f2e99bc6000-7f2e99bc7000 r--s 0000a000 08:01 425957                     /usr/lib/jvm/java-8-openjdk-amd64/jre/lib/ext/jaccess.jar
7f2e99bc7000-7f2e99c98000 rw-p 00000000 00:00 0 
7f2e99c98000-7f2e99c99000 ---p 00000000 00:00 0 
7f2e99c99000-7f2e99c9c000 ---p 00000000 00:00 0 
7f2e99c9c000-7f2e99d9d000 rw-p 00000000 00:00 0 
7f2e99d9d000-7f2e99db1000 rw-p 00000000 00:00 0 
7f2e99db1000-7f2e99db9000 rw-s 00000000 08:01 270088                     /tmp/hsperfdata_student/4983
7f2e99db9000-7f2e99dba000 rw-p 00000000 00:00 0 
7f2e99dba000-7f2e99dbb000 r--p 00000000 00:00 0 
7f2e99dbb000-7f2e99dbc000 r--p 00023000 08:01 297171                     /lib/x86_64-linux-gnu/ld-2.24.so
7f2e99dbc000-7f2e99dbd000 rw-p 00024000 08:01 297171                     /lib/x86_64-linux-gnu/ld-2.24.so
7f2e99dbd000-7f2e99dbe000 rw-p 00000000 00:00 0 
7ffef6050000-7ffef6071000 rw-p 00000000 00:00 0                          [stack]
7ffef61a2000-7ffef61a4000 r--p 00000000 00:00 0                          [vvar]
7ffef61a4000-7ffef61a6000 r-xp 00000000 00:00 0                          [vdso]
ffffffffff600000-ffffffffff601000 r-xp 00000000 00:00 0                  [vsyscall]

VM Arguments:
jvm_args: -Dclassworlds.conf=/opt/netbeans/java/maven/bin/m2.conf -Dmaven.home=/opt/netbeans/java/maven -Dmaven.multiModuleProjectDirectory=/home/student/NetBeansProjects/Lab1_SB 
java_command: org.codehaus.plexus.classworlds.launcher.Launcher -Dexec.args=-classpath %classpath Main -Dexec.executable=/usr/lib/jvm/java-8-openjdk-amd64/bin/java -Dmaven.ext.class.path=/opt/netbeans/java/maven-nblib/netbeans-eventspy.jar org.codehaus.mojo:exec-maven-plugin:1.5.0:exec
java_class_path (initial): /opt/netbeans/java/maven/boot/plexus-classworlds-2.5.2.jar
Launcher Type: SUN_STANDARD

Environment Variables:
JAVA_HOME=/usr/lib/jvm/java-8-openjdk-amd64
PATH=/usr/local/bin:/usr/bin:/bin:/usr/local/games:/usr/games
SHELL=/bin/bash
DISPLAY=:0

Signal Handlers:
SIGSEGV: [libjvm.so+0xa7cfe0], sa_mask[0]=11111111011111111101111111111110, sa_flags=SA_RESTART|SA_SIGINFO
SIGBUS: [libjvm.so+0xa7cfe0], sa_mask[0]=11111111011111111101111111111110, sa_flags=SA_RESTART|SA_SIGINFO
SIGFPE: [libjvm.so+0x8c64a0], sa_mask[0]=11111111011111111101111111111110, sa_flags=SA_RESTART|SA_SIGINFO
SIGPIPE: [libjvm.so+0x8c64a0], sa_mask[0]=11111111011111111101111111111110, sa_flags=SA_RESTART|SA_SIGINFO
SIGXFSZ: [libjvm.so+0x8c64a0], sa_mask[0]=11111111011111111101111111111110, sa_flags=SA_RESTART|SA_SIGINFO
SIGILL: [libjvm.so+0x8c64a0], sa_mask[0]=11111111011111111101111111111110, sa_flags=SA_RESTART|SA_SIGINFO
SIGUSR1: SIG_DFL, sa_mask[0]=00000000000000000000000000000000, sa_flags=none
SIGUSR2: [libjvm.so+0x8c6350], sa_mask[0]=00100000000000000000000000000000, sa_flags=SA_RESTART|SA_SIGINFO
SIGHUP: [libjvm.so+0x8c69c0], sa_mask[0]=11111111011111111101111111111110, sa_flags=SA_RESTART|SA_SIGINFO
SIGINT: SIG_IGN, sa_mask[0]=00000000000000000000000000000000, sa_flags=none
SIGTERM: [libjvm.so+0x8c69c0], sa_mask[0]=11111111011111111101111111111110, sa_flags=SA_RESTART|SA_SIGINFO
SIGQUIT: [libjvm.so+0x8c69c0], sa_mask[0]=11111111011111111101111111111110, sa_flags=SA_RESTART|SA_SIGINFO


---------------  S Y S T E M  ---------------

OS:PRETTY_NAME="Debian GNU/Linux 9 (stretch)"
NAME="Debian GNU/Linux"
VERSION_ID="9"
VERSION="9 (stretch)"
VERSION_CODENAME=stretch
ID=debian
HOME_URL="https://www.debian.org/"
SUPPORT_URL="https://www.debian.org/support"
BUG_REPORT_URL="https://bugs.debian.org/"

uname:Linux 4.9.0-11-amd64 #1 SMP Debian 4.9.189-3 (2019-09-02) x86_64
libc:glibc 2.24 NPTL 2.24 
rlimit: STACK 8192k, CORE 0k, NPROC 15734, NOFILE 1048576, AS infinity
load average:0,78 0,36 0,23

/proc/meminfo:
MemTotal:        4050508 kB
MemFree:           87116 kB
MemAvailable:          0 kB
Buffers:             528 kB
Cached:            52672 kB
SwapCached:         1264 kB
Active:          2989888 kB
Inactive:         602316 kB
Active(anon):    2984584 kB
Inactive(anon):   597028 kB
Active(file):       5304 kB
Inactive(file):     5288 kB
Unevictable:          32 kB
Mlocked:              32 kB
SwapTotal:        524284 kB
SwapFree:              0 kB
Dirty:               152 kB
Writeback:           184 kB
AnonPages:       3537984 kB
Mapped:            50884 kB
Shmem:             42396 kB
Slab:              57380 kB
SReclaimable:      18904 kB
SUnreclaim:        38476 kB
KernelStack:       14288 kB
PageTables:        56516 kB
NFS_Unstable:          0 kB
Bounce:                0 kB
WritebackTmp:          0 kB
CommitLimit:     2549536 kB
Committed_AS:   10228804 kB
VmallocTotal:   34359738367 kB
VmallocUsed:           0 kB
VmallocChunk:          0 kB
HardwareCorrupted:     0 kB
AnonHugePages:         0 kB
ShmemHugePages:        0 kB
ShmemPmdMapped:        0 kB
HugePages_Total:       0
HugePages_Free:        0
HugePages_Rsvd:        0
HugePages_Surp:        0
Hugepagesize:       2048 kB
DirectMap4k:      102272 kB
DirectMap2M:     4091904 kB
DirectMap1G:     2097152 kB

container (cgroup) information:
container_type: cgroupv1
cpu_cpuset_cpus: 0-3
cpu_memory_nodes: 0
active_processor_count: 4
cpu_quota: -1
cpu_period: 100000
cpu_shares: -1
memory_limit_in_bytes: -1
memory_and_swap_limit_in_bytes: -2
memory_soft_limit_in_bytes: -1
memory_usage_in_bytes: 3677650944
memory_max_usage_in_bytes: 0


CPU:total 4 (initial active 4) (1 cores per cpu, 1 threads per core) family 6 model 158 stepping 9, cmov, cx8, fxsr, mmx, sse, sse2, sse3, ssse3, sse4.1, sse4.2, popcnt, avx, avx2, aes, clmul, erms, 3dnowpref, lzcnt, tsc, tscinvbit, bmi1, bmi2, adx

/proc/cpuinfo:
processor	: 0
vendor_id	: GenuineIntel
cpu family	: 6
model		: 158
model name	: Intel(R) Core(TM) i7-7700HQ CPU @ 2.80GHz
stepping	: 9
microcode	: 0x8e
cpu MHz		: 2807.567
cache size	: 6144 KB
physical id	: 0
siblings	: 1
core id		: 0
cpu cores	: 1
apicid		: 0
initial apicid	: 0
fpu		: yes
fpu_exception	: yes
cpuid level	: 22
wp		: yes
flags		: fpu vme de pse tsc msr pae mce cx8 apic sep mtrr pge mca cmov pat pse36 clflush mmx fxsr sse sse2 ss syscall nx pdpe1gb rdtscp lm constant_tsc arch_perfmon nopl xtopology tsc_reliable nonstop_tsc pni pclmulqdq vmx ssse3 fma cx16 pcid sse4_1 sse4_2 x2apic movbe popcnt tsc_deadline_timer aes xsave avx f16c rdrand hypervisor lahf_lm abm 3dnowprefetch invpcid_single ssbd ibrs ibpb stibp kaiser tpr_shadow vnmi ept vpid fsgsbase tsc_adjust bmi1 avx2 smep bmi2 invpcid rdseed adx smap xsaveopt arat flush_l1d arch_capabilities
bugs		: cpu_meltdown spectre_v1 spectre_v2 spec_store_bypass l1tf mds swapgs
bogomips	: 5616.00
clflush size	: 64
cache_alignment	: 64
address sizes	: 42 bits physical, 48 bits virtual
power management:

processor	: 1
vendor_id	: GenuineIntel
cpu family	: 6
model		: 158
model name	: Intel(R) Core(TM) i7-7700HQ CPU @ 2.80GHz
stepping	: 9
microcode	: 0x8e
cpu MHz		: 2807.567
cache size	: 6144 KB
physical id	: 2
siblings	: 1
core id		: 0
cpu cores	: 1
apicid		: 2
initial apicid	: 2
fpu		: yes
fpu_exception	: yes
cpuid level	: 22
wp		: yes
flags		: fpu vme de pse tsc msr pae mce cx8 apic sep mtrr pge mca cmov pat pse36 clflush mmx fxsr sse sse2 ss syscall nx pdpe1gb rdtscp lm constant_tsc arch_perfmon nopl xtopology tsc_reliable nonstop_tsc pni pclmulqdq vmx ssse3 fma cx16 pcid sse4_1 sse4_2 x2apic movbe popcnt tsc_deadline_timer aes xsave avx f16c rdrand hypervisor lahf_lm abm 3dnowprefetch invpcid_single ssbd ibrs ibpb stibp kaiser tpr_shadow vnmi ept vpid fsgsbase tsc_adjust bmi1 avx2 smep bmi2 invpcid rdseed adx smap xsaveopt arat flush_l1d arch_capabilities
bugs		: cpu_meltdown spectre_v1 spectre_v2 spec_store_bypass l1tf mds swapgs
bogomips	: 5616.00
clflush size	: 64
cache_alignment	: 64
address sizes	: 42 bits physical, 48 bits virtual
power management:

processor	: 2
vendor_id	: GenuineIntel
cpu family	: 6
model		: 158
model name	: Intel(R) Core(TM) i7-7700HQ CPU @ 2.80GHz
stepping	: 9
microcode	: 0x8e
cpu MHz		: 2807.567
cache size	: 6144 KB
physical id	: 4
siblings	: 1
core id		: 0
cpu cores	: 1
apicid		: 4
initial apicid	: 4
fpu		: yes
fpu_exception	: yes
cpuid level	: 22
wp		: yes
flags		: fpu vme de pse tsc msr pae mce cx8 apic sep mtrr pge mca cmov pat pse36 clflush mmx fxsr sse sse2 ss syscall nx pdpe1gb rdtscp lm constant_tsc arch_perfmon nopl xtopology tsc_reliable nonstop_tsc pni pclmulqdq vmx ssse3 fma cx16 pcid sse4_1 sse4_2 x2apic movbe popcnt tsc_deadline_timer aes xsave avx f16c rdrand hypervisor lahf_lm abm 3dnowprefetch invpcid_single ssbd ibrs ibpb stibp kaiser tpr_shadow vnmi ept vpid fsgsbase tsc_adjust bmi1 avx2 smep bmi2 invpcid rdseed adx smap xsaveopt arat flush_l1d arch_capabilities
bugs		: cpu_meltdown spectre_v1 spectre_v2 spec_store_bypass l1tf mds swapgs
bogomips	: 5616.00
clflush size	: 64
cache_alignment	: 64
address sizes	: 42 bits physical, 48 bits virtual
power management:

processor	: 3
vendor_id	: GenuineIntel
cpu family	: 6
model		: 158
model name	: Intel(R) Core(TM) i7-7700HQ CPU @ 2.80GHz
stepping	: 9
microcode	: 0x8e
cpu MHz		: 2807.567
cache size	: 6144 KB
physical id	: 6
siblings	: 1
core id		: 0
cpu cores	: 1
apicid		: 6
initial apicid	: 6
fpu		: yes
fpu_exception	: yes
cpuid level	: 22
wp		: yes
flags		: fpu vme de pse tsc msr pae mce cx8 apic sep mtrr pge mca cmov pat pse36 clflush mmx fxsr sse sse2 ss syscall nx pdpe1gb rdtscp lm constant_tsc arch_perfmon nopl xtopology tsc_reliable nonstop_tsc pni pclmulqdq vmx ssse3 fma cx16 pcid sse4_1 sse4_2 x2apic movbe popcnt tsc_deadline_timer aes xsave avx f16c rdrand hypervisor lahf_lm abm 3dnowprefetch invpcid_single ssbd ibrs ibpb stibp kaiser tpr_shadow vnmi ept vpid fsgsbase tsc_adjust bmi1 avx2 smep bmi2 invpcid rdseed adx smap xsaveopt arat flush_l1d arch_capabilities
bugs		: cpu_meltdown spectre_v1 spectre_v2 spec_store_bypass l1tf mds swapgs
bogomips	: 5616.00
clflush size	: 64
cache_alignment	: 64
address sizes	: 42 bits physical, 48 bits virtual
power management:



Memory: 4k page, physical 4050508k(87108k free), swap 524284k(0k free)

vm_info: OpenJDK 64-Bit Server VM (25.222-b10) for linux-amd64 JRE (1.8.0_222-8u222-b10-1~deb9u1-b10), built on Jul 19 2019 16:57:48 by "pbuilder" with gcc 6.3.0 20170516

time: Mon Nov  4 15:35:56 2019
timezone: CET
elapsed time: 4 seconds (0d 0h 0m 4s)

